spark-submit --master local[*] --class org.kadam.spark.FfdEngineInformationLoad /Users/gangadharkadam/myapps/FullFlightData/target/scala-2.11/FullFlightData-assembly-1.0.jar file:///Users/gangadharkadam/myapps/FullFlightData/src/main/resources/engineInformation.csv
Initializing Spark Context..
Initializing Spark Hive Context..
FFD_ID=4247928;AIRCRAFT_TYPE=A320-214;CUSTOMER_ICAO_CODE=AWQ;TAIL_NUMBER=PK-AZA;ADI_FLIGHT_RECORD_NUMBER=5980126;EXPORT_CONFIG_VERSION=0;FLIGHT_NUMBER=AWQ174;FLIGHT_DATE_EXACT=2015-03-29 22:57:04;DECODE_GENERATION_DATE=2015-10-17 12:50:26;AIRPORT_DEPART=WICC;AIRPORT_DESTINATION=WMKK;ENGINE_POSITION=1;FILE_TYPE=QAR
FFD_ID=5221907;AIRCRAFT_TYPE=A320-214;CUSTOMER_ICAO_CODE=CQH;TAIL_NUMBER=B-6706;ADI_FLIGHT_RECORD_NUMBER=6503800;EXPORT_CONFIG_VERSION=0;FLIGHT_NUMBER=8584;FLIGHT_DATE_EXACT=2013-08-19 01:58:40;DECODE_GENERATION_DATE=2015-10-13 22:39:35;AIRPORT_DEPART=ZYTL;AIRPORT_DESTINATION=ZSHC;ENGINE_POSITION=2;FILE_TYPE=QAR
FFD_ID=5431891;AIRCRAFT_TYPE=B747-400;CUSTOMER_ICAO_CODE=QFA;TAIL_NUMBER=VH-OEF;ADI_FLIGHT_RECORD_NUMBER=5611908;EXPORT_CONFIG_VERSION=0;FLIGHT_NUMBER=QF0016;FLIGHT_DATE_EXACT=2011-03-02 08:22:59;DECODE_GENERATION_DATE=2015-10-26 02:02:51;AIRPORT_DEPART=KLAX;AIRPORT_DESTINATION=YBBN;ENGINE_POSITION=1;FILE_TYPE=QAR
FFD_ID=7959906;AIRCRAFT_TYPE=B737-800;CUSTOMER_ICAO_CODE=CES;TAIL_NUMBER=B-5549;ADI_FLIGHT_RECORD_NUMBER=3151672;EXPORT_CONFIG_VERSION=0;FLIGHT_NUMBER=FM9516;FLIGHT_DATE_EXACT=2014-09-07 02:01:58;DECODE_GENERATION_DATE=2015-12-25 03:07:51;AIRPORT_DEPART=ZSWZ;AIRPORT_DESTINATION=ZSSS;ENGINE_POSITION=2;FILE_TYPE=QAR
FFD_ID=7844279;AIRCRAFT_TYPE=B737-800;CUSTOMER_ICAO_CODE=GLO;TAIL_NUMBER=PR-VBA;ADI_FLIGHT_RECORD_NUMBER=3257442;EXPORT_CONFIG_VERSION=0;FLIGHT_NUMBER=1777;FLIGHT_DATE_EXACT=2011-08-01 16:44:00;DECODE_GENERATION_DATE=2015-12-22 10:28:19;AIRPORT_DEPART=SBPS;AIRPORT_DESTINATION=SBGR;ENGINE_POSITION=1;FILE_TYPE=QAR
FFD_ID=5927058;AIRCRAFT_TYPE=A320-216;CUSTOMER_ICAO_CODE=AIQ;TAIL_NUMBER=HS-ABM;ADI_FLIGHT_RECORD_NUMBER=3806079;EXPORT_CONFIG_VERSION=0;FLIGHT_NUMBER=AIQ504;FLIGHT_DATE_EXACT=2014-11-06 08:49:48;DECODE_GENERATION_DATE=2015-11-22 11:32:07;AIRPORT_DEPART=VTBD;AIRPORT_DESTINATION=VHHH;ENGINE_POSITION=1;FILE_TYPE=QAR
FFD_ID=3330059;AIRCRAFT_TYPE=ERJ195;CUSTOMER_ICAO_CODE=AZU;TAIL_NUMBER=PR-AYF;ADI_FLIGHT_RECORD_NUMBER=3768056;EXPORT_CONFIG_VERSION=0;FLIGHT_NUMBER=AZU2719;FLIGHT_DATE_EXACT=2014-11-08 11:47:37;DECODE_GENERATION_DATE=2015-09-10 19:35:37;AIRPORT_DEPART=SBRF;AIRPORT_DESTINATION=SBSV;ENGINE_POSITION=2;FILE_TYPE=QAR
FFD_ID=2901823;AIRCRAFT_TYPE=ERJ170;CUSTOMER_ICAO_CODE=JLJ;TAIL_NUMBER=JA217J;ADI_FLIGHT_RECORD_NUMBER=3989721;EXPORT_CONFIG_VERSION=0;FLIGHT_NUMBER=JL2377;FLIGHT_DATE_EXACT=2013-05-22 08:08:44;DECODE_GENERATION_DATE=2014-12-12 02:46:51;AIRPORT_DEPART=RJOO;AIRPORT_DESTINATION=RJFU;ENGINE_POSITION=1;FILE_TYPE=QAR
FFD_ID=4649947;AIRCRAFT_TYPE=A320-214;CUSTOMER_ICAO_CODE=CQH;TAIL_NUMBER=B-9940;ADI_FLIGHT_RECORD_NUMBER=6549956;EXPORT_CONFIG_VERSION=0;FLIGHT_NUMBER=CQH8948;FLIGHT_DATE_EXACT=2014-03-16 09:16:20;DECODE_GENERATION_DATE=2015-10-13 08:15:19;AIRPORT_DEPART=ZLXY;AIRPORT_DESTINATION=ZSPD;ENGINE_POSITION=2;FILE_TYPE=QAR
FFD_ID=1783186;AIRCRAFT_TYPE=B737-800;CUSTOMER_ICAO_CODE=GLO;TAIL_NUMBER=PR-GTK;ADI_FLIGHT_RECORD_NUMBER=4928737;EXPORT_CONFIG_VERSION=0;FLIGHT_NUMBER=1256;FLIGHT_DATE_EXACT=2015-02-10 18:04:58;DECODE_GENERATION_DATE=2015-03-19 21:33:07;AIRPORT_DEPART=UNKN;AIRPORT_DESTINATION=SBFZ;ENGINE_POSITION=1;FILE_TYPE=QAR
root
 |-- FFD_ID: string (nullable = true)
 |-- AIRCRAFT_TYPE: string (nullable = true)
 |-- CUSTOMER_ICAO_CODE: string (nullable = true)
 |-- TAIL_NUMBER: string (nullable = true)
 |-- ADI_FLIGHT_RECORD_NUMBER: string (nullable = true)
 |-- EXPORT_CONFIG_VERSION: string (nullable = true)
 |-- FLIGHT_NUMBER: string (nullable = true)
 |-- FLIGHT_DATE_EXACT: string (nullable = true)
 |-- DECODE_GENERATION_DATE: string (nullable = true)
 |-- AIRPORT_DEPART: string (nullable = true)
 |-- AIRPORT_DESTINATION: string (nullable = true)
 |-- ENGINE_POSITION: string (nullable = true)
 |-- FILE_TYPE: string (nullable = true)

[4247928,A320-214,AWQ,PK-AZA,5980126,0,AWQ174,2015-03-29 22:57:04,2015-10-17 12:50:26,WICC,WMKK,1,QAR]
[5221907,A320-214,CQH,B-6706,6503800,0,8584,2013-08-19 01:58:40,2015-10-13 22:39:35,ZYTL,ZSHC,2,QAR]
[5431891,B747-400,QFA,VH-OEF,5611908,0,QF0016,2011-03-02 08:22:59,2015-10-26 02:02:51,KLAX,YBBN,1,QAR]
[7959906,B737-800,CES,B-5549,3151672,0,FM9516,2014-09-07 02:01:58,2015-12-25 03:07:51,ZSWZ,ZSSS,2,QAR]
[7844279,B737-800,GLO,PR-VBA,3257442,0,1777,2011-08-01 16:44:00,2015-12-22 10:28:19,SBPS,SBGR,1,QAR]
[5927058,A320-216,AIQ,HS-ABM,3806079,0,AIQ504,2014-11-06 08:49:48,2015-11-22 11:32:07,VTBD,VHHH,1,QAR]
[3330059,ERJ195,AZU,PR-AYF,3768056,0,AZU2719,2014-11-08 11:47:37,2015-09-10 19:35:37,SBRF,SBSV,2,QAR]
[2901823,ERJ170,JLJ,JA217J,3989721,0,JL2377,2013-05-22 08:08:44,2014-12-12 02:46:51,RJOO,RJFU,1,QAR]
[4649947,A320-214,CQH,B-9940,6549956,0,CQH8948,2014-03-16 09:16:20,2015-10-13 08:15:19,ZLXY,ZSPD,2,QAR]
[1783186,B737-800,GLO,PR-GTK,4928737,0,1256,2015-02-10 18:04:58,2015-03-19 21:33:07,UNKN,SBFZ,1,QAR]
SLF4J: Failed to load class "org.slf4j.impl.StaticLoggerBinder".
SLF4J: Defaulting to no-operation (NOP) logger implementation
SLF4J: See http://www.slf4j.org/codes.html#StaticLoggerBinder for further details.
+------------------+-----------+
|         tableName|isTemporary|
+------------------+-----------+
|      aircrafttype|      false|
|       engine_info|      false|
|engine_information|      false|
| engine_timeseries|      false|
|         engine_ts|      false|
|        engine_ts1|      false|
|               ets|      false|
|                gk|      false|
|   timeseries_avro|      false|
+------------------+-----------+

+--------------------+---------+-------+
|            col_name|data_type|comment|
+--------------------+---------+-------+
|              FFD_ID|   string|       |
|       AIRCRAFT_TYPE|   string|       |
|  CUSTOMER_ICAO_CODE|   string|       |
|         TAIL_NUMBER|   string|       |
|ADI_FLIGHT_RECORD...|   string|       |
|EXPORT_CONFIG_VER...|   string|       |
|       FLIGHT_NUMBER|   string|       |
|   FLIGHT_DATE_EXACT|   string|       |
|DECODE_GENERATION...|   string|       |
|      AIRPORT_DEPART|   string|       |
| AIRPORT_DESTINATION|   string|       |
|     ENGINE_POSITION|   string|       |
|           FILE_TYPE|   string|       |
+--------------------+---------+-------+

+-------+-------------+------------------+-----------+------------------------+---------------------+-------------+-------------------+----------------------+--------------+-------------------+---------------+---------+
| FFD_ID|AIRCRAFT_TYPE|CUSTOMER_ICAO_CODE|TAIL_NUMBER|ADI_FLIGHT_RECORD_NUMBER|EXPORT_CONFIG_VERSION|FLIGHT_NUMBER|  FLIGHT_DATE_EXACT|DECODE_GENERATION_DATE|AIRPORT_DEPART|AIRPORT_DESTINATION|ENGINE_POSITION|FILE_TYPE|
+-------+-------------+------------------+-----------+------------------------+---------------------+-------------+-------------------+----------------------+--------------+-------------------+---------------+---------+
|7844279|     B737-800|               GLO|     PR-VBA|                 3257442|                    0|         1777|2011-08-01 16:44:00|   2015-12-22 10:28:19|          SBPS|               SBGR|              1|      QAR|
|1783186|     B737-800|               GLO|     PR-GTK|                 4928737|                    0|         1256|2015-02-10 18:04:58|   2015-03-19 21:33:07|          UNKN|               SBFZ|              1|      QAR|
|7634639|     B737-800|               GLO|     PR-GGK|                 3276908|                    0|         1334|2011-06-27 14:32:12|   2015-12-21 15:20:22|          SBSP|               SBBR|              1|      QAR|
| 297944|     B737-700|               GLO|     PR-VBZ|                  347182|                    0|         1342|2014-01-27 16:43:34|   2014-07-06 05:35:16|          SBGR|               SBUL|              2|      QAR|
|8398517|     B737-700|               GLO|     PR-VBO|                 3463335|                    0|         1569|2010-06-09 18:25:26|   2015-12-17 04:08:01|          SBCX|               SBCT|              2|      QAR|
|3565966|     B737-800|               GLO|     PR-GXF|                 7686166|                    0|      GOL1219|2015-08-17 16:56:23|   2015-09-30 20:20:06|          SBLO|               SBCT|              1|      QAR|
|6755460|     B737-800|               GLO|     PR-GTR|                 3740320|                    0|         9228|2010-07-25 09:12:39|   2015-12-07 18:12:56|          SBSP|               SBPS|              2|      QAR|
|7847466|     B737-800|               GLO|     PR-GXH|                 3601783|                    0|      GOL1966|2014-09-05 19:01:34|   2015-12-13 20:44:13|          SBSV|               SBKG|              1|      QAR|
|3516171|     B737-800|               GLO|     PR-GTA|                 7313829|                    0|         1188|2015-07-25 11:56:58|   2015-09-28 09:20:51|          SBBR|               SBCF|              1|      QAR|
|8497636|     B737-700|               GLO|     PR-VBY|                 3212898|                    0|         1685|2011-10-31 22:40:39|   2015-12-23 14:30:20|          SBCF|               SBGO|              2|      QAR|
|7594863|     B737-800|               GLO|     PR-GGR|                 3290087|                    0|         1829|2011-05-16 17:14:06|   2015-12-21 05:15:52|          SBPA|               SBGR|              2|      QAR|
|5974698|     B737-800|               GLO|     PR-GTA|                 3797900|                    0|      GOL1128|2014-10-27 01:36:29|   2015-11-22 22:22:35|          SBCT|               SBLO|              1|      QAR|
|7652919|     B737-800|               GLO|     PR-GIW|                 3274016|                    0|         1697|2011-06-04 15:14:50|   2015-12-21 17:30:03|          SBRF|               SBSV|              1|      QAR|
|8850741|     B737-700|               GLO|     PR-VBY|                 2691441|                    0|         1766|2013-05-27 16:48:17|   2016-01-05 10:54:10|          SBBR|               SBTE|              2|      QAR|
|5562286|     B737-700|               GLO|     PR-GIJ|                 4671268|                    0|         1939|2015-01-31 13:20:31|   2015-11-14 01:14:43|          SBEG|               SBPV|              2|      QAR|
|7673407|     B737-800|               GLO|     PR-GUA|                 3729636|                    0|         9072|2013-03-14 10:06:11|   2015-12-11 14:25:34|          SBCF|               SBKP|              1|      QAR|
|7417621|     B737-800|               GLO|     PR-GGR|                 3395713|                    0|         1897|2010-10-10 12:15:59|   2015-12-18 21:36:42|          SBCF|               SBKP|              1|      QAR|
|7365264|     B737-800|               GLO|     PR-GGZ|                 3421127|                    0|         1643|2010-10-25 17:56:13|   2015-12-18 04:31:36|          SBSN|               SBBE|              1|      QAR|
|7240459|     B737-800|               GLO|     PR-GGD|                 3494038|                    0|         1840|2010-03-08 19:24:46|   2015-12-16 10:59:34|          SBSP|               SBFL|              1|      QAR|
|7401828|     B737-800|               GLO|     PR-GGF|                 3584375|                    0|         1969|2014-09-10 19:44:39|   2015-12-14 09:37:54|          SBAR|               SBGL|              1|      QAR|
+-------+-------------+------------------+-----------+------------------------+---------------------+-------------+-------------------+----------------------+--------------+-------------------+---------------+---------+
only showing top 20 rows
